[2023-10-29 14:07:47] bs=16_checkpoint_path='runs/train/IAG/best.pt'_decay_rate=0.001_epoch=50_gpu=1_log_name='train.log'_loss_cls=0.3_lr=0.0001_n_groups=40_name='IAG'_resume=False_save_dir='runs/train/'_storage=False_tlr=5e-06_use_gpu=True_v='10_0.5'_yaml='config/config_seen.yaml'
[2023-10-29 14:07:47] Start loading train data---
[2023-10-29 14:07:47] train data loading finish, loading data files:16120
[2023-10-29 14:07:47] Start loading val data---
[2023-10-29 14:07:47] val data loading finish, loading data files:1215
[2023-10-29 14:07:47] Start loading test data---
[2023-10-29 14:07:47] test data loading finish, loading data files:2416
[2023-10-29 14:07:50] Epoch:0 strat-------
[2023-10-29 14:07:50] lr_rate:0.0001
[2023-10-29 14:15:09] Epoch:0 | mean_loss:0.7697186545795338
[2023-10-29 14:15:09] EVALUATION strat-------
[2023-10-29 14:15:29] AUC:0.7905146774237813 | IOU:0.13334431636934588 | SIM:0.5309055954712198 | MAE:0.10871721820085628
[2023-10-29 14:15:47] best model saved at runs/train/IAG/best_model-10_0.5_at_10.29_14.7.47.pt
[2023-10-29 14:15:47] Epoch:1 strat-------
[2023-10-29 14:15:47] lr_rate:0.0001
[2023-10-29 14:23:04] Epoch:1 | mean_loss:0.6204729866839449
[2023-10-29 14:23:04] EVALUATION strat-------
[2023-10-29 14:23:24] AUC:0.8531620963437628 | IOU:0.16156456367874708 | SIM:0.5920489553413751 | MAE:0.09883037314984043
[2023-10-29 14:23:41] best model saved at runs/train/IAG/best_model-10_0.5_at_10.29_14.7.47.pt
[2023-10-29 14:23:41] Epoch:2 strat-------
[2023-10-29 14:23:41] lr_rate:0.0001
[2023-10-29 14:30:57] Epoch:2 | mean_loss:0.5923912770224896
[2023-10-29 14:30:57] EVALUATION strat-------
[2023-10-29 14:31:17] AUC:0.8559519943811899 | IOU:0.17406771887839223 | SIM:0.60100633701557 | MAE:0.09998164785251695
[2023-10-29 14:31:33] best model saved at runs/train/IAG/best_model-10_0.5_at_10.29_14.7.47.pt
[2023-10-29 14:31:34] Epoch:3 strat-------
[2023-10-29 14:31:34] lr_rate:0.0001
[2023-10-29 14:38:49] Epoch:3 | mean_loss:0.5733184502520178
[2023-10-29 14:38:49] EVALUATION strat-------
[2023-10-29 14:39:09] AUC:0.86343858033882 | IOU:0.17614647179283413 | SIM:0.609291976896654 | MAE:0.09703670902016723
[2023-10-29 14:39:16] best model saved at runs/train/IAG/best_model-10_0.5_at_10.29_14.7.47.pt
[2023-10-29 14:39:16] Epoch:4 strat-------
[2023-10-29 14:39:16] lr_rate:0.0001
[2023-10-29 14:46:32] Epoch:4 | mean_loss:0.5601250969665171
[2023-10-29 14:46:32] EVALUATION strat-------
[2023-10-29 14:46:52] AUC:0.8643761409556739 | IOU:0.17364137704165516 | SIM:0.6127280825160256 | MAE:0.09600838152960005
[2023-10-29 14:46:52] Epoch:5 strat-------
[2023-10-29 14:46:52] lr_rate:0.0001
[2023-10-29 14:54:08] Epoch:5 | mean_loss:0.5481080656432822
[2023-10-29 14:54:08] EVALUATION strat-------
[2023-10-29 14:54:28] AUC:0.8650382195245486 | IOU:0.17811851863214936 | SIM:0.6130464087758758 | MAE:0.10009097699765805
[2023-10-29 14:54:59] best model saved at runs/train/IAG/best_model-10_0.5_at_10.29_14.7.47.pt
[2023-10-29 14:54:59] Epoch:6 strat-------
[2023-10-29 14:54:59] lr_rate:0.0001
[2023-10-29 15:02:15] Epoch:6 | mean_loss:0.5391652632907936
[2023-10-29 15:02:15] EVALUATION strat-------
[2023-10-29 15:02:35] AUC:0.8643709416881828 | IOU:0.18405458388481669 | SIM:0.6156956141991459 | MAE:0.09597212257699221
[2023-10-29 15:02:43] best model saved at runs/train/IAG/best_model-10_0.5_at_10.29_14.7.47.pt
[2023-10-29 15:02:43] Epoch:7 strat-------
[2023-10-29 15:02:43] lr_rate:0.0001
[2023-10-29 15:09:59] Epoch:7 | mean_loss:0.5327904154551183
[2023-10-29 15:09:59] EVALUATION strat-------
[2023-10-29 15:10:19] AUC:0.8707364147742896 | IOU:0.17780685640275984 | SIM:0.6141214507156475 | MAE:0.10027651875107377
[2023-10-29 15:10:19] Epoch:8 strat-------
[2023-10-29 15:10:19] lr_rate:0.0001
[2023-10-29 15:17:34] Epoch:8 | mean_loss:0.5243887547348083
[2023-10-29 15:17:34] EVALUATION strat-------
[2023-10-29 15:17:54] AUC:0.8715069027003356 | IOU:0.18290680774905302 | SIM:0.6211176129222327 | MAE:0.0981070258489852
[2023-10-29 15:17:54] Epoch:9 strat-------
[2023-10-29 15:17:54] lr_rate:0.0001
[2023-10-29 15:25:10] Epoch:9 | mean_loss:0.5185486204337695
[2023-10-29 15:25:10] EVALUATION strat-------
[2023-10-29 15:25:30] AUC:0.8721894107154916 | IOU:0.17749995316713174 | SIM:0.6146313691332037 | MAE:0.09846963004320247
[2023-10-29 15:25:30] Epoch:10 strat-------
[2023-10-29 15:25:30] lr_rate:5e-05
[2023-10-29 15:32:46] Epoch:10 | mean_loss:0.5110865107477599
[2023-10-29 15:32:46] EVALUATION strat-------
[2023-10-29 15:33:05] AUC:0.871976802365444 | IOU:0.18436479908401407 | SIM:0.6344081450965511 | MAE:0.09398283698431259
[2023-10-29 15:33:13] best model saved at runs/train/IAG/best_model-10_0.5_at_10.29_14.7.47.pt
[2023-10-29 15:33:13] Epoch:11 strat-------
[2023-10-29 15:33:13] lr_rate:5e-05
[2023-10-29 15:40:29] Epoch:11 | mean_loss:0.5080585781015019
[2023-10-29 15:40:29] EVALUATION strat-------
[2023-10-29 15:40:49] AUC:0.8746936157056922 | IOU:0.18775741752002206 | SIM:0.6317755998094835 | MAE:0.09484670387864604
[2023-10-29 15:40:56] best model saved at runs/train/IAG/best_model-10_0.5_at_10.29_14.7.47.pt
[2023-10-29 15:40:56] Epoch:12 strat-------
[2023-10-29 15:40:56] lr_rate:5e-05
[2023-10-29 15:48:12] Epoch:12 | mean_loss:0.5055380972636847
[2023-10-29 15:48:12] EVALUATION strat-------
[2023-10-29 15:48:32] AUC:0.874322360386204 | IOU:0.1844460171639474 | SIM:0.6316039111197173 | MAE:0.09440710299299578
[2023-10-29 15:48:32] Epoch:13 strat-------
[2023-10-29 15:48:32] lr_rate:5e-05
[2023-10-29 15:55:48] Epoch:13 | mean_loss:0.5032385828596833
[2023-10-29 15:55:48] EVALUATION strat-------
[2023-10-29 15:56:08] AUC:0.8780089563523097 | IOU:0.1973819005574914 | SIM:0.6303086892928048 | MAE:0.09787543722631509
[2023-10-29 15:56:16] best model saved at runs/train/IAG/best_model-10_0.5_at_10.29_14.7.47.pt
[2023-10-29 15:56:16] Epoch:14 strat-------
[2023-10-29 15:56:16] lr_rate:5e-05
[2023-10-29 16:03:32] Epoch:14 | mean_loss:0.5007219945839879
[2023-10-29 16:03:32] EVALUATION strat-------
[2023-10-29 16:03:51] AUC:0.8707982829371074 | IOU:0.18436454858102033 | SIM:0.6317671679412451 | MAE:0.09628792736265394
[2023-10-29 16:03:51] Epoch:15 strat-------
[2023-10-29 16:03:51] lr_rate:5e-05
[2023-10-29 16:11:07] Epoch:15 | mean_loss:0.49902290904888924
[2023-10-29 16:11:08] EVALUATION strat-------
[2023-10-29 16:11:28] AUC:0.8765205927580549 | IOU:0.1953038740636549 | SIM:0.6348764708968286 | MAE:0.0938861094384527
[2023-10-29 16:11:28] Epoch:16 strat-------
[2023-10-29 16:11:28] lr_rate:5e-05
[2023-10-29 16:18:43] Epoch:16 | mean_loss:0.49799423912667706
[2023-10-29 16:18:43] EVALUATION strat-------
[2023-10-29 16:19:03] AUC:0.872350131096817 | IOU:0.19540617625591625 | SIM:0.6276798479134814 | MAE:0.09042165318634285
[2023-10-29 16:19:03] Epoch:17 strat-------
[2023-10-29 16:19:03] lr_rate:5e-05
[2023-10-29 16:26:19] Epoch:17 | mean_loss:0.495842735751975
[2023-10-29 16:26:19] EVALUATION strat-------
[2023-10-29 16:26:39] AUC:0.8760225264384992 | IOU:0.19825849245763066 | SIM:0.6335775160445681 | MAE:0.09518363196172833
[2023-10-29 16:26:45] best model saved at runs/train/IAG/best_model-10_0.5_at_10.29_14.7.47.pt
[2023-10-29 16:26:45] Epoch:18 strat-------
[2023-10-29 16:26:45] lr_rate:5e-05
[2023-10-29 16:34:01] Epoch:18 | mean_loss:0.49380810998284
[2023-10-29 16:34:01] EVALUATION strat-------
[2023-10-29 16:34:21] AUC:0.8760315765744782 | IOU:0.19489230158445076 | SIM:0.6344381168248623 | MAE:0.09127795343045834
[2023-10-29 16:34:21] Epoch:19 strat-------
[2023-10-29 16:34:21] lr_rate:5e-05
[2023-10-29 16:41:37] Epoch:19 | mean_loss:0.49252824685069274
[2023-10-29 16:41:37] EVALUATION strat-------
[2023-10-29 16:41:57] AUC:0.8774319220393842 | IOU:0.19992090372065713 | SIM:0.6378182045154074 | MAE:0.09304320822036806
[2023-10-29 16:42:03] best model saved at runs/train/IAG/best_model-10_0.5_at_10.29_14.7.47.pt
[2023-10-29 16:42:03] Epoch:20 strat-------
[2023-10-29 16:42:03] lr_rate:2.5e-05
[2023-10-29 16:49:20] Epoch:20 | mean_loss:0.4892905328752031
[2023-10-29 16:49:20] EVALUATION strat-------
[2023-10-29 16:49:40] AUC:0.8835917379468788 | IOU:0.20664363652891524 | SIM:0.6349143815175352 | MAE:0.09133889464193902
[2023-10-29 16:49:53] best model saved at runs/train/IAG/best_model-10_0.5_at_10.29_14.7.47.pt
[2023-10-29 16:49:53] Epoch:21 strat-------
[2023-10-29 16:49:53] lr_rate:2.5e-05
[2023-10-29 16:57:07] Epoch:21 | mean_loss:0.48847760954111547
[2023-10-29 16:57:07] EVALUATION strat-------
[2023-10-29 16:57:27] AUC:0.8802736437817866 | IOU:0.20363657015103967 | SIM:0.6399236718044542 | MAE:0.09600427096763266
[2023-10-29 16:57:27] Epoch:22 strat-------
[2023-10-29 16:57:27] lr_rate:2.5e-05
[2023-10-29 17:04:43] Epoch:22 | mean_loss:0.48759799325596376
[2023-10-29 17:04:43] EVALUATION strat-------
[2023-10-29 17:05:03] AUC:0.879629443312069 | IOU:0.2054771678953496 | SIM:0.6364372432415808 | MAE:0.09339137479601574
[2023-10-29 17:05:03] Epoch:23 strat-------
[2023-10-29 17:05:03] lr_rate:2.5e-05
[2023-10-29 17:12:18] Epoch:23 | mean_loss:0.4867965136881263
[2023-10-29 17:12:18] EVALUATION strat-------
[2023-10-29 17:12:38] AUC:0.8785915316757262 | IOU:0.20368872584975692 | SIM:0.6360630105643503 | MAE:0.0927433003123405
[2023-10-29 17:12:38] Epoch:24 strat-------
[2023-10-29 17:12:38] lr_rate:2.5e-05
[2023-10-29 17:19:53] Epoch:24 | mean_loss:0.48574987838142797
[2023-10-29 17:19:53] EVALUATION strat-------
[2023-10-29 17:20:13] AUC:0.8732284569246139 | IOU:0.17021454224350627 | SIM:0.6347279586012661 | MAE:0.09345540946403158
[2023-10-29 17:20:13] Epoch:25 strat-------
[2023-10-29 17:20:13] lr_rate:2.5e-05
[2023-10-29 17:27:28] Epoch:25 | mean_loss:0.4855117906465786
[2023-10-29 17:27:28] EVALUATION strat-------
[2023-10-29 17:27:48] AUC:0.8824674553787254 | IOU:0.20444698260420688 | SIM:0.6345823104402775 | MAE:0.09241959661122703
[2023-10-29 17:27:48] Epoch:26 strat-------
[2023-10-29 17:27:48] lr_rate:2.5e-05
[2023-10-29 17:35:04] Epoch:26 | mean_loss:0.48457170328885585
[2023-10-29 17:35:05] EVALUATION strat-------
[2023-10-29 17:35:24] AUC:0.8787301653796706 | IOU:0.19535308403161172 | SIM:0.6375478723695591 | MAE:0.0915271579483409
[2023-10-29 17:35:24] Epoch:27 strat-------
[2023-10-29 17:35:24] lr_rate:2.5e-05
[2023-10-29 17:42:39] Epoch:27 | mean_loss:0.4837796459309276
[2023-10-29 17:42:39] EVALUATION strat-------
[2023-10-29 17:42:59] AUC:0.8769881690702992 | IOU:0.20651799782732377 | SIM:0.6347131912653174 | MAE:0.09349370807286643
[2023-10-29 17:42:59] Epoch:28 strat-------
[2023-10-29 17:42:59] lr_rate:2.5e-05
[2023-10-29 17:50:14] Epoch:28 | mean_loss:0.4841283420110057
[2023-10-29 17:50:14] EVALUATION strat-------
[2023-10-29 17:50:34] AUC:0.8789310935403275 | IOU:0.2027438035241871 | SIM:0.6400621121388658 | MAE:0.09049822823010355
[2023-10-29 17:50:34] Epoch:29 strat-------
[2023-10-29 17:50:34] lr_rate:2.5e-05
[2023-10-29 17:57:49] Epoch:29 | mean_loss:0.4825536756967717
[2023-10-29 17:57:49] EVALUATION strat-------
[2023-10-29 17:58:09] AUC:0.8792756248576361 | IOU:0.20107987776411798 | SIM:0.6371180046983101 | MAE:0.09462153916496309
[2023-10-29 17:58:09] Epoch:30 strat-------
[2023-10-29 17:58:09] lr_rate:1.25e-05
[2023-10-29 18:05:25] Epoch:30 | mean_loss:0.4810318969034746
[2023-10-29 18:05:25] EVALUATION strat-------
[2023-10-29 18:05:45] AUC:0.8789938049587291 | IOU:0.20665519548870612 | SIM:0.641388751546241 | MAE:0.09347490822827374
[2023-10-29 18:05:54] best model saved at runs/train/IAG/best_model-10_0.5_at_10.29_14.7.47.pt
[2023-10-29 18:05:54] Epoch:31 strat-------
[2023-10-29 18:05:54] lr_rate:1.25e-05
[2023-10-29 18:13:09] Epoch:31 | mean_loss:0.4799537287272195
[2023-10-29 18:13:09] EVALUATION strat-------
[2023-10-29 18:13:29] AUC:0.8803510657752744 | IOU:0.20765220929383596 | SIM:0.6402702384525354 | MAE:0.09419655441747281
[2023-10-29 18:13:36] best model saved at runs/train/IAG/best_model-10_0.5_at_10.29_14.7.47.pt
[2023-10-29 18:13:36] Epoch:32 strat-------
[2023-10-29 18:13:36] lr_rate:1.25e-05
[2023-10-29 18:20:52] Epoch:32 | mean_loss:0.47948351037774567
[2023-10-29 18:20:52] EVALUATION strat-------
[2023-10-29 18:21:12] AUC:0.8805669473127254 | IOU:0.2117064783706257 | SIM:0.635948052662202 | MAE:0.09305406043558945
[2023-10-29 18:21:18] best model saved at runs/train/IAG/best_model-10_0.5_at_10.29_14.7.47.pt
[2023-10-29 18:21:18] Epoch:33 strat-------
[2023-10-29 18:21:18] lr_rate:1.25e-05
[2023-10-29 18:28:34] Epoch:33 | mean_loss:0.4794510937376316
[2023-10-29 18:28:34] EVALUATION strat-------
[2023-10-29 18:28:54] AUC:0.8804950636523662 | IOU:0.2103348772283877 | SIM:0.6379051417357398 | MAE:0.09348610595420555
[2023-10-29 18:28:54] Epoch:34 strat-------
[2023-10-29 18:28:54] lr_rate:1.25e-05
[2023-10-29 18:36:10] Epoch:34 | mean_loss:0.47886217984092505
[2023-10-29 18:36:10] EVALUATION strat-------
[2023-10-29 18:36:30] AUC:0.8811086882252044 | IOU:0.20653321100606198 | SIM:0.6414035649899031 | MAE:0.0936706344777174
[2023-10-29 18:36:30] Epoch:35 strat-------
[2023-10-29 18:36:30] lr_rate:1.25e-05
[2023-10-29 18:43:46] Epoch:35 | mean_loss:0.4785577914092131
[2023-10-29 18:43:46] EVALUATION strat-------
[2023-10-29 18:44:06] AUC:0.8804485244574922 | IOU:0.21195461636797144 | SIM:0.6364360294924951 | MAE:0.09291835365962589
[2023-10-29 18:44:12] best model saved at runs/train/IAG/best_model-10_0.5_at_10.29_14.7.47.pt
[2023-10-29 18:44:12] Epoch:36 strat-------
[2023-10-29 18:44:12] lr_rate:1.25e-05
[2023-10-29 18:51:27] Epoch:36 | mean_loss:0.4780945798609676
[2023-10-29 18:51:27] EVALUATION strat-------
[2023-10-29 18:51:46] AUC:0.8806650149926635 | IOU:0.21001941887337763 | SIM:0.6353821900783757 | MAE:0.09116241559079645
[2023-10-29 18:51:46] Epoch:37 strat-------
[2023-10-29 18:51:46] lr_rate:1.25e-05
[2023-10-29 18:59:02] Epoch:37 | mean_loss:0.4780674162131199
[2023-10-29 18:59:02] EVALUATION strat-------
[2023-10-29 18:59:22] AUC:0.8808587294086206 | IOU:0.21441977249925293 | SIM:0.6341166498729243 | MAE:0.09265310381665642
[2023-10-29 18:59:31] best model saved at runs/train/IAG/best_model-10_0.5_at_10.29_14.7.47.pt
[2023-10-29 18:59:31] Epoch:38 strat-------
[2023-10-29 18:59:31] lr_rate:1.25e-05
[2023-10-29 19:06:45] Epoch:38 | mean_loss:0.4772056727684006
[2023-10-29 19:06:45] EVALUATION strat-------
[2023-10-29 19:07:05] AUC:0.8788566206274804 | IOU:0.2104526916466251 | SIM:0.6387539887995197 | MAE:0.09239873998940236
[2023-10-29 19:07:05] Epoch:39 strat-------
[2023-10-29 19:07:05] lr_rate:1.25e-05
[2023-10-29 19:14:22] Epoch:39 | mean_loss:0.47733676241194717
[2023-10-29 19:14:22] EVALUATION strat-------
[2023-10-29 19:14:42] AUC:0.8794908327642238 | IOU:0.21305099801415645 | SIM:0.6343133671154961 | MAE:0.09064624800113003
[2023-10-29 19:14:42] Epoch:40 strat-------
[2023-10-29 19:14:42] lr_rate:6.25e-06
[2023-10-29 19:21:57] Epoch:40 | mean_loss:0.47616125922927555
[2023-10-29 19:21:57] EVALUATION strat-------
[2023-10-29 19:22:17] AUC:0.8808943886979168 | IOU:0.21225456169885956 | SIM:0.6389621960370128 | MAE:0.09265845194765569
[2023-10-29 19:22:17] Epoch:41 strat-------
[2023-10-29 19:22:17] lr_rate:6.25e-06
[2023-10-29 19:29:33] Epoch:41 | mean_loss:0.4758626427408955
[2023-10-29 19:29:33] EVALUATION strat-------
[2023-10-29 19:29:53] AUC:0.8805184873596544 | IOU:0.21207330471632185 | SIM:0.6371912084615319 | MAE:0.09156073616365347
[2023-10-29 19:29:53] Epoch:42 strat-------
[2023-10-29 19:29:53] lr_rate:6.25e-06
[2023-10-29 19:37:08] Epoch:42 | mean_loss:0.4752966791480158
[2023-10-29 19:37:08] EVALUATION strat-------
[2023-10-29 19:37:28] AUC:0.8796810172158596 | IOU:0.2125660595083869 | SIM:0.6392432586257605 | MAE:0.09231597454950152
[2023-10-29 19:37:28] Epoch:43 strat-------
[2023-10-29 19:37:28] lr_rate:6.25e-06
[2023-10-29 19:44:43] Epoch:43 | mean_loss:0.4751590149700938
[2023-10-29 19:44:47] EVALUATION strat-------
[2023-10-29 19:45:08] AUC:0.8789840244197044 | IOU:0.2086204251634684 | SIM:0.6369765317769349 | MAE:0.09340551659894088
[2023-10-29 19:45:08] Epoch:44 strat-------
[2023-10-29 19:45:08] lr_rate:6.25e-06
[2023-10-29 19:52:23] Epoch:44 | mean_loss:0.4750427413128812
[2023-10-29 19:52:23] EVALUATION strat-------
[2023-10-29 19:52:43] AUC:0.8777206033837857 | IOU:0.2132555580593278 | SIM:0.63572934364877 | MAE:0.09274606444708114
[2023-10-29 19:52:43] Epoch:45 strat-------
[2023-10-29 19:52:43] lr_rate:6.25e-06
[2023-10-29 19:59:58] Epoch:45 | mean_loss:0.47472224595411766
[2023-10-29 19:59:58] EVALUATION strat-------
[2023-10-29 20:00:18] AUC:0.8784035166756649 | IOU:0.21319254434963006 | SIM:0.634706764232076 | MAE:0.09249837545701015
[2023-10-29 20:00:18] Epoch:46 strat-------
[2023-10-29 20:00:18] lr_rate:6.25e-06
[2023-10-29 20:07:32] Epoch:46 | mean_loss:0.4743127664837842
[2023-10-29 20:07:32] EVALUATION strat-------
[2023-10-29 20:07:52] AUC:0.877616697080487 | IOU:0.21173596638663017 | SIM:0.6382204526451423 | MAE:0.09246170864183716
[2023-10-29 20:07:52] Epoch:47 strat-------
[2023-10-29 20:07:52] lr_rate:6.25e-06
[2023-10-29 20:15:07] Epoch:47 | mean_loss:0.47392050609688063
[2023-10-29 20:15:07] EVALUATION strat-------
[2023-10-29 20:15:27] AUC:0.8772503825362022 | IOU:0.2093950099095113 | SIM:0.6393820739917001 | MAE:0.09071169753133515
[2023-10-29 20:15:27] Epoch:48 strat-------
[2023-10-29 20:15:27] lr_rate:6.25e-06
[2023-10-29 20:22:43] Epoch:48 | mean_loss:0.47419959883822466
[2023-10-29 20:22:43] EVALUATION strat-------
[2023-10-29 20:23:03] AUC:0.8790728135906144 | IOU:0.2071248222401678 | SIM:0.6364706660258688 | MAE:0.0911656214376536
[2023-10-29 20:23:03] Epoch:49 strat-------
[2023-10-29 20:23:03] lr_rate:6.25e-06
[2023-10-29 20:30:18] Epoch:49 | mean_loss:0.4739900890149568
[2023-10-29 20:30:18] EVALUATION strat-------
[2023-10-29 20:30:38] AUC:0.8788525776819767 | IOU:0.21820166987349632 | SIM:0.6350370332170872 | MAE:0.09212126731872558
[2023-10-29 20:30:55] best model saved at runs/train/IAG/best_model-10_0.5_at_10.29_14.7.47.pt
[2023-10-29 20:30:55] Best Val IOU:0.21820166987349632
[2023-10-29 20:32:45] 
Category Metrics:
[2023-10-29 20:32:45]         0      1      2      3      4      5      6      7      8      9      10     11     12     13     14     15     16     17     18     19     20     21     22
IOU  0.208  0.122  0.134  0.092  0.266  0.396  0.170  0.252  0.172  0.079  0.235  0.120  0.205  0.304  0.305  0.185  0.232  0.266  0.221  0.099  0.240  0.115  0.233
AUC  0.891  0.817  0.847  0.862  0.905  0.941  0.851  0.930  0.837  0.726  0.905  0.907  0.937  0.956  0.943  0.881  0.937  0.901  0.946  0.820  0.911  0.805  0.814
SIM  0.566  0.567  0.766  0.481  0.507  0.731  0.328  0.656  0.549  0.596  0.480  0.249  0.651  0.619  0.455  0.705  0.478  0.663  0.659  0.685  0.508  0.681  0.592
MAE  0.092  0.110  0.106  0.067  0.068  0.083  0.053  0.102  0.090  0.145  0.071  0.047  0.061  0.060  0.037  0.082  0.072  0.090  0.049  0.118  0.094  0.110  0.106
[2023-10-29 20:32:45] 
Affordance Metrics:
[2023-10-29 20:32:45]         0      1      2      3      4      5      6      7      8      9      10     11     12     13     14     15     16     17
IOU  0.185  0.393  0.202  0.180  0.291  0.238  0.241  0.046  0.182  0.104  0.320  0.081  0.233  0.190  0.039  0.152  0.123  0.328
AUC  0.877  0.962  0.903  0.827  0.924  0.888  0.915  0.689  0.897  0.789  0.924  0.850  0.837  0.927  0.686  0.937  0.935  0.992
SIM  0.642  0.739  0.714  0.595  0.403  0.607  0.428  0.714  0.650  0.579  0.644  0.417  0.241  0.639  0.618  0.488  0.751  0.541
MAE  0.101  0.067  0.085  0.115  0.066  0.096  0.050  0.131  0.086  0.134  0.076  0.078  0.039  0.111  0.146  0.046  0.073  0.022
[2023-10-29 20:32:45] 
Overall Metrics:
[2023-10-29 20:32:45] IOU: 0.208
[2023-10-29 20:32:45] AUC: 0.873
[2023-10-29 20:32:45] SIM: 0.629
[2023-10-29 20:32:45] MAE: 0.093
